<?xml version="1.0" encoding="UTF-8"?>
<!-- Generated by org.testng.reporters.JUnitXMLReporter -->
<testsuite hostname="K-ASHIK-L1" ignored="0" name="Sanity" tests="0" failures="0" timestamp="22 Jan 2021 16:36:54 GMT" time="0.052" errors="0">
  <testcase name="@BeforeClass setUpClass" time="0.016" classname="io.cucumber.testng.AbstractTestNGCucumberTests">
    <failure type="java.lang.NoClassDefFoundError" message="io/cucumber/plugin/event/EventPublisher">
      <![CDATA[java.lang.NoClassDefFoundError: io/cucumber/plugin/event/EventPublisher
at java.lang.ClassLoader.defineClass1(Native Method)
at java.lang.ClassLoader.defineClass(Unknown Source)
at java.security.SecureClassLoader.defineClass(Unknown Source)
at java.net.URLClassLoader.defineClass(Unknown Source)
at java.net.URLClassLoader.access$100(Unknown Source)
at java.net.URLClassLoader$1.run(Unknown Source)
at java.net.URLClassLoader$1.run(Unknown Source)
at java.security.AccessController.doPrivileged(Native Method)
at java.net.URLClassLoader.findClass(Unknown Source)
at java.lang.ClassLoader.loadClass(Unknown Source)
at sun.misc.Launcher$AppClassLoader.loadClass(Unknown Source)
at java.lang.ClassLoader.loadClass(Unknown Source)
at io.cucumber.testng.AbstractTestNGCucumberTests.setUpClass(AbstractTestNGCucumberTests.java:23)
Caused by: java.lang.ClassNotFoundException: io.cucumber.plugin.event.EventPublisher
at java.net.URLClassLoader.findClass(Unknown Source)
at java.lang.ClassLoader.loadClass(Unknown Source)
at sun.misc.Launcher$AppClassLoader.loadClass(Unknown Source)
at java.lang.ClassLoader.loadClass(Unknown Source)
... 39 more
... Removed 26 stack frames]]>
    </failure>
  </testcase> <!-- @BeforeClass setUpClass -->
</testsuite> <!-- Sanity -->
