<?xml version="1.0" encoding="UTF-8"?>
<testng-results skipped="0" failed="0" ignored="0" total="1" passed="1">
  <reporter-output>
  </reporter-output>
  <suite name="Default suite" duration-ms="606" started-at="2021-01-23T16:57:07Z" finished-at="2021-01-23T16:57:08Z">
    <groups>
      <group name="cucumber">
        <method signature="AbstractTestNGCucumberTests.feature(cucumber.api.testng.CucumberFeatureWrapper)[pri:0, instance:cucumberIntro.shoppingTestRunner@204f30ec]" name="feature" class="cucumber.api.testng.AbstractTestNGCucumberTests"/>
      </group> <!-- cucumber -->
    </groups>
    <test name="Default test" duration-ms="606" started-at="2021-01-23T16:57:07Z" finished-at="2021-01-23T16:57:08Z">
      <class name="cucumberIntro.shoppingTestRunner">
        <test-method status="PASS" signature="setUpClass()[pri:0, instance:cucumberIntro.shoppingTestRunner@204f30ec]" name="setUpClass" is-config="true" duration-ms="242" started-at="2021-01-23T16:57:07Z" finished-at="2021-01-23T16:57:07Z">
          <reporter-output>
          </reporter-output>
        </test-method> <!-- setUpClass -->
        <test-method status="PASS" signature="feature(cucumber.api.testng.CucumberFeatureWrapper)[pri:0, instance:cucumberIntro.shoppingTestRunner@204f30ec]" name="feature" duration-ms="205" started-at="2021-01-23T16:57:08Z" description="Runs Cucumber Feature" data-provider="features" finished-at="2021-01-23T16:57:08Z">
          <params>
            <param index="0">
              <value>
                <![CDATA[Check my basket application]]>
              </value>
            </param>
          </params>
          <reporter-output>
          </reporter-output>
        </test-method> <!-- feature -->
        <test-method status="PASS" signature="tearDownClass()[pri:0, instance:cucumberIntro.shoppingTestRunner@204f30ec]" name="tearDownClass" is-config="true" duration-ms="17" started-at="2021-01-23T16:57:08Z" finished-at="2021-01-23T16:57:08Z">
          <reporter-output>
          </reporter-output>
        </test-method> <!-- tearDownClass -->
      </class> <!-- cucumberIntro.shoppingTestRunner -->
    </test> <!-- Default test -->
  </suite> <!-- Default suite -->
</testng-results>
