<?xml version="1.0" encoding="UTF-8"?>
<testng-results skipped="0" failed="0" ignored="0" total="1" passed="1">
  <reporter-output>
  </reporter-output>
  <suite name="Default suite" duration-ms="457" started-at="2021-01-23T17:29:57Z" finished-at="2021-01-23T17:29:57Z">
    <groups>
      <group name="cucumber">
        <method signature="AbstractTestNGCucumberTests.feature(cucumber.api.testng.CucumberFeatureWrapper)[pri:0, instance:cucumberIntro.shoppingTestRunner@204f30ec]" name="feature" class="cucumber.api.testng.AbstractTestNGCucumberTests"/>
      </group> <!-- cucumber -->
    </groups>
    <test name="Default test" duration-ms="457" started-at="2021-01-23T17:29:57Z" finished-at="2021-01-23T17:29:57Z">
      <class name="cucumberIntro.shoppingTestRunner">
        <test-method status="PASS" signature="setUpClass()[pri:0, instance:cucumberIntro.shoppingTestRunner@204f30ec]" name="setUpClass" is-config="true" duration-ms="189" started-at="2021-01-23T17:29:57Z" finished-at="2021-01-23T17:29:57Z">
          <reporter-output>
          </reporter-output>
        </test-method> <!-- setUpClass -->
        <test-method status="PASS" signature="feature(cucumber.api.testng.CucumberFeatureWrapper)[pri:0, instance:cucumberIntro.shoppingTestRunner@204f30ec]" name="feature" duration-ms="149" started-at="2021-01-23T17:29:57Z" description="Runs Cucumber Feature" data-provider="features" finished-at="2021-01-23T17:29:57Z">
          <params>
            <param index="0">
              <value>
                <![CDATA[Login into account]]>
              </value>
            </param>
          </params>
          <reporter-output>
          </reporter-output>
        </test-method> <!-- feature -->
        <test-method status="PASS" signature="tearDownClass()[pri:0, instance:cucumberIntro.shoppingTestRunner@204f30ec]" name="tearDownClass" is-config="true" duration-ms="13" started-at="2021-01-23T17:29:57Z" finished-at="2021-01-23T17:29:57Z">
          <reporter-output>
          </reporter-output>
        </test-method> <!-- tearDownClass -->
      </class> <!-- cucumberIntro.shoppingTestRunner -->
    </test> <!-- Default test -->
  </suite> <!-- Default suite -->
</testng-results>
